Determining if the pthread_create exist failed with the following output:
Change Dir: /home/cc/ee106b/sp18/class/ee106b-aax/ros_workspaces/turtle_client/build/CMakeFiles/CMakeTmp

Run Build Command:/usr/bin/make "cmTryCompileExec1105126148/fast"
/usr/bin/make -f CMakeFiles/cmTryCompileExec1105126148.dir/build.make CMakeFiles/cmTryCompileExec1105126148.dir/build
make[1]: Entering directory `/home/cc/ee106b/sp18/class/ee106b-aax/ros_workspaces/turtle_client/build/CMakeFiles/CMakeTmp'
/usr/bin/cmake -E cmake_progress_report /home/cc/ee106b/sp18/class/ee106b-aax/ros_workspaces/turtle_client/build/CMakeFiles/CMakeTmp/CMakeFiles 1
Building C object CMakeFiles/cmTryCompileExec1105126148.dir/CheckSymbolExists.c.o
/usr/bin/cc    -o CMakeFiles/cmTryCompileExec1105126148.dir/CheckSymbolExists.c.o   -c /home/cc/ee106b/sp18/class/ee106b-aax/ros_workspaces/turtle_client/build/CMakeFiles/CMakeTmp/CheckSymbolExists.c
Linking C executable cmTryCompileExec1105126148
/usr/bin/cmake -E cmake_link_script CMakeFiles/cmTryCompileExec1105126148.dir/link.txt --verbose=1
/usr/bin/cc       CMakeFiles/cmTryCompileExec1105126148.dir/CheckSymbolExists.c.o  -o cmTryCompileExec1105126148 -rdynamic 
CMakeFiles/cmTryCompileExec1105126148.dir/CheckSymbolExists.c.o: In function `main':
CheckSymbolExists.c:(.text+0x16): undefined reference to `pthread_create'
collect2: error: ld returned 1 exit status
make[1]: *** [cmTryCompileExec1105126148] Error 1
make[1]: Leaving directory `/home/cc/ee106b/sp18/class/ee106b-aax/ros_workspaces/turtle_client/build/CMakeFiles/CMakeTmp'
make: *** [cmTryCompileExec1105126148/fast] Error 2

File /home/cc/ee106b/sp18/class/ee106b-aax/ros_workspaces/turtle_client/build/CMakeFiles/CMakeTmp/CheckSymbolExists.c:
/* */
#include <pthread.h>

int main(int argc, char** argv)
{
  (void)argv;
#ifndef pthread_create
  return ((int*)(&pthread_create))[argc];
#else
  (void)argc;
  return 0;
#endif
}

Determining if the function pthread_create exists in the pthreads failed with the following output:
Change Dir: /home/cc/ee106b/sp18/class/ee106b-aax/ros_workspaces/turtle_client/build/CMakeFiles/CMakeTmp

Run Build Command:/usr/bin/make "cmTryCompileExec2349364724/fast"
/usr/bin/make -f CMakeFiles/cmTryCompileExec2349364724.dir/build.make CMakeFiles/cmTryCompileExec2349364724.dir/build
make[1]: Entering directory `/home/cc/ee106b/sp18/class/ee106b-aax/ros_workspaces/turtle_client/build/CMakeFiles/CMakeTmp'
/usr/bin/cmake -E cmake_progress_report /home/cc/ee106b/sp18/class/ee106b-aax/ros_workspaces/turtle_client/build/CMakeFiles/CMakeTmp/CMakeFiles 1
Building C object CMakeFiles/cmTryCompileExec2349364724.dir/CheckFunctionExists.c.o
/usr/bin/cc   -DCHECK_FUNCTION_EXISTS=pthread_create   -o CMakeFiles/cmTryCompileExec2349364724.dir/CheckFunctionExists.c.o   -c /usr/share/cmake-2.8/Modules/CheckFunctionExists.c
Linking C executable cmTryCompileExec2349364724
/usr/bin/cmake -E cmake_link_script CMakeFiles/cmTryCompileExec2349364724.dir/link.txt --verbose=1
/usr/bin/cc   -DCHECK_FUNCTION_EXISTS=pthread_create    CMakeFiles/cmTryCompileExec2349364724.dir/CheckFunctionExists.c.o  -o cmTryCompileExec2349364724 -rdynamic -lpthreads 
/usr/bin/ld: cannot find -lpthreads
collect2: error: ld returned 1 exit status
make[1]: *** [cmTryCompileExec2349364724] Error 1
make[1]: Leaving directory `/home/cc/ee106b/sp18/class/ee106b-aax/ros_workspaces/turtle_client/build/CMakeFiles/CMakeTmp'
make: *** [cmTryCompileExec2349364724/fast] Error 2


